0 info it worked if it ends with ok
1 verbose cli [ 'C:\\Program Files\\nodejs\\node.exe',
1 verbose cli   'C:\\Program Files\\nodejs\\node_modules\\npm\\bin\\npm-cli.js',
1 verbose cli   'run',
1 verbose cli   'watch' ]
2 info using npm@3.10.10
3 info using node@v6.11.3
4 verbose run-script [ 'prewatch', 'watch', 'postwatch' ]
5 info lifecycle stb-mean@1.0.0~prewatch: stb-mean@1.0.0
6 silly lifecycle stb-mean@1.0.0~prewatch: no script for prewatch, continuing
7 info lifecycle stb-mean@1.0.0~watch: stb-mean@1.0.0
8 verbose lifecycle stb-mean@1.0.0~watch: unsafe-perm in lifecycle true
9 verbose lifecycle stb-mean@1.0.0~watch: PATH: C:\Program Files\nodejs\node_modules\npm\bin\node-gyp-bin;C:\Users\ibath\git projects\Cookie-Stealer\Vulnerable Site\node_modules\.bin;C:\ProgramData\Oracle\Java\javapath;C:\WINDOWS\system32;C:\WINDOWS;C:\WINDOWS\System32\Wbem;C:\WINDOWS\System32\WindowsPowerShell\v1.0\;C:\Program Files\Git\cmd;C:\Program Files\Microsoft SQL Server\130\Tools\Binn\;C:\Program Files\nodejs\;C:\Program Files\Java\jdk1.8.0_121\bin;C:\Users\ibath\AppData\Local\Microsoft\WindowsApps;C:\Program Files\Microsoft VS Code\bin;C:\Users\ibath\AppData\Roaming\npm;C:\mongodb\bin;C:\Program Files\Notepad++;C:\Program Files\curl-7.56.0-win32-mingw\bin;
10 verbose lifecycle stb-mean@1.0.0~watch: CWD: C:\Users\ibath\git projects\Cookie-Stealer\Vulnerable Site
11 silly lifecycle stb-mean@1.0.0~watch: Args: [ '/d /s /c', 'gulp watch --gulpfile client/gulpfile.babel.js' ]
12 silly lifecycle stb-mean@1.0.0~watch: Returned: code: 3221225786  signal: null
13 info lifecycle stb-mean@1.0.0~watch: Failed to exec watch script
14 verbose stack Error: stb-mean@1.0.0 watch: `gulp watch --gulpfile client/gulpfile.babel.js`
14 verbose stack Exit status 3221225786
14 verbose stack     at EventEmitter.<anonymous> (C:\Program Files\nodejs\node_modules\npm\lib\utils\lifecycle.js:255:16)
14 verbose stack     at emitTwo (events.js:106:13)
14 verbose stack     at EventEmitter.emit (events.js:191:7)
14 verbose stack     at ChildProcess.<anonymous> (C:\Program Files\nodejs\node_modules\npm\lib\utils\spawn.js:40:14)
14 verbose stack     at emitTwo (events.js:106:13)
14 verbose stack     at ChildProcess.emit (events.js:191:7)
14 verbose stack     at maybeClose (internal/child_process.js:920:16)
14 verbose stack     at Process.ChildProcess._handle.onexit (internal/child_process.js:230:5)
15 verbose pkgid stb-mean@1.0.0
16 verbose cwd C:\Users\ibath\git projects\Cookie-Stealer\Vulnerable Site
17 error Windows_NT 10.0.16299
18 error argv "C:\\Program Files\\nodejs\\node.exe" "C:\\Program Files\\nodejs\\node_modules\\npm\\bin\\npm-cli.js" "run" "watch"
19 error node v6.11.3
20 error npm  v3.10.10
21 error code ELIFECYCLE
22 error stb-mean@1.0.0 watch: `gulp watch --gulpfile client/gulpfile.babel.js`
22 error Exit status 3221225786
23 error Failed at the stb-mean@1.0.0 watch script 'gulp watch --gulpfile client/gulpfile.babel.js'.
23 error Make sure you have the latest version of node.js and npm installed.
23 error If you do, this is most likely a problem with the stb-mean package,
23 error not with npm itself.
23 error Tell the author that this fails on your system:
23 error     gulp watch --gulpfile client/gulpfile.babel.js
23 error You can get information on how to open an issue for this project with:
23 error     npm bugs stb-mean
23 error Or if that isn't available, you can get their info via:
23 error     npm owner ls stb-mean
23 error There is likely additional logging output above.
24 verbose exit [ 1, true ]
